14:20:34.039 [main] INFO  com.intuit.karate.Runner - using system property 'karate.options': --tags @tag1
14:20:34.546 [main] DEBUG com.intuit.karate.Suite - [config] classpath:karate-config.js
14:20:35.729 [main] INFO  com.intuit.karate - karate.env system property was: null 
14:20:36.052 [main] DEBUG com.intuit.karate - request:
1 > GET https://api.todoist.com/rest/v1/labels
1 > Authorization: Bearer d5e6004200dd0e7037eeb371cf23e6c9ec1c6d72
1 > Host: api.todoist.com
1 > Connection: Keep-Alive
1 > User-Agent: Apache-HttpClient/4.5.13 (Java/11.0.17)
1 > Accept-Encoding: gzip,deflate


14:20:38.802 [main] DEBUG com.intuit.karate - response time in milliseconds: 2728
1 < 200
1 < Content-Type: application/json
1 < Content-Length: 99
1 < Connection: keep-alive
1 < Date: Sat, 19 Nov 2022 08:50:38 GMT
1 < Access-Control-Allow-Credentials: false
1 < Access-Control-Allow-Origin: *
1 < Referrer-Policy: strict-origin-when-cross-origin
1 < Strict-Transport-Security: max-age=31536000; includeSubDomains; preload
1 < Vary: Accept-Encoding
1 < Warning: 119 - "Deprecated API version. Will be removed on 2022-11-30"
1 < X-Cache: Miss from cloudfront
1 < Via: 1.1 8b2b31f8ea3cdf0aa3c6a8cd3f4e5bc4.cloudfront.net (CloudFront)
1 < X-Amz-Cf-Pop: BOM78-P5
1 < X-Amz-Cf-Id: 2uQtOC4aOK2PXMAbZxgE9W5JjfsOiuPApqcujwT73sq8b7L148ugLg==
1 < Set-Cookie: csrf=696d1a0106fb40edb53c2c3123451b95; Max-Age=1984207837000; Expires=Fri, 04 Dec 64899 20:27:18 GMT; Domain=api.todoist.com; Secure
[
	{
		"id": 2162773050,
		"name": "Drinks",
		"order": 1,
		"color": 47,
		"favorite": false
	}
]


14:20:38.968 [main] DEBUG com.intuit.karate - request:
2 > POST https://api.todoist.com/rest/v1/labels
2 > Authorization: Bearer d5e6004200dd0e7037eeb371cf23e6c9ec1c6d72
2 > Cookie: csrf=696d1a0106fb40edb53c2c3123451b95
2 > Content-Type: application/json; charset=UTF-8
2 > Content-Length: 15
2 > Host: api.todoist.com
2 > Connection: Keep-Alive
2 > User-Agent: Apache-HttpClient/4.5.13 (Java/11.0.17)
2 > Accept-Encoding: gzip,deflate
{"name":"Food"}

14:20:39.770 [main] DEBUG com.intuit.karate - response time in milliseconds: 800
2 < 200
2 < Content-Type: application/json
2 < Content-Length: 86
2 < Connection: keep-alive
2 < Date: Sat, 19 Nov 2022 08:50:39 GMT
2 < Access-Control-Allow-Credentials: false
2 < Access-Control-Allow-Origin: *
2 < Cache-Control: no-cache
2 < Referrer-Policy: strict-origin-when-cross-origin
2 < Strict-Transport-Security: max-age=31536000; includeSubDomains; preload
2 < Vary: Accept-Encoding
2 < Warning: 119 - "Deprecated API version. Will be removed on 2022-11-30"
2 < X-Cache: Miss from cloudfront
2 < Via: 1.1 4560972c6489a38a7c71390784e8d106.cloudfront.net (CloudFront)
2 < X-Amz-Cf-Pop: BOM78-P5
2 < X-Amz-Cf-Id: NkJKGN2G7-2v5WpNixrNve0X6y2Lw3i_ljmY8otXOH-oOyzzDPjocg==
{
	"id": 2163341345,
	"name": "Food",
	"order": 2,
	"color": 47,
	"favorite": false
}


14:20:39.790 [main] DEBUG com.intuit.karate - request:
3 > GET https://api.todoist.com/rest/v1/labels/2163341345
3 > Authorization:  Bearer d5e6004200dd0e7037eeb371cf23e6c9ec1c6d72
3 > Cookie: csrf=696d1a0106fb40edb53c2c3123451b95
3 > Host: api.todoist.com
3 > Connection: Keep-Alive
3 > User-Agent: Apache-HttpClient/4.5.13 (Java/11.0.17)
3 > Accept-Encoding: gzip,deflate


14:20:40.588 [main] DEBUG com.intuit.karate - response time in milliseconds: 797
3 < 200
3 < Content-Type: application/json
3 < Content-Length: 86
3 < Connection: keep-alive
3 < Date: Sat, 19 Nov 2022 08:50:40 GMT
3 < Access-Control-Allow-Credentials: false
3 < Access-Control-Allow-Origin: *
3 < Referrer-Policy: strict-origin-when-cross-origin
3 < Strict-Transport-Security: max-age=31536000; includeSubDomains; preload
3 < Vary: Accept-Encoding
3 < Warning: 119 - "Deprecated API version. Will be removed on 2022-11-30"
3 < X-Cache: Miss from cloudfront
3 < Via: 1.1 aa6523b9d47ec443d130f60e2b450e3c.cloudfront.net (CloudFront)
3 < X-Amz-Cf-Pop: BOM78-P5
3 < X-Amz-Cf-Id: qavOcul7fisjt0n2UE2iBYKNwPAg8rYujnqtJDNUt1VuGwT1Vp1DOA==
{
	"id": 2163341345,
	"name": "Food",
	"order": 2,
	"color": 47,
	"favorite": false
}


14:20:40.605 [main] DEBUG com.intuit.karate - request:
4 > POST https://api.todoist.com/rest/v1/labels/2163341345
4 > Authorization:  Bearer d5e6004200dd0e7037eeb371cf23e6c9ec1c6d72
4 > Cookie: csrf=696d1a0106fb40edb53c2c3123451b95
4 > Content-Type: application/json; charset=UTF-8
4 > Content-Length: 19
4 > Host: api.todoist.com
4 > Connection: Keep-Alive
4 > User-Agent: Apache-HttpClient/4.5.13 (Java/11.0.17)
4 > Accept-Encoding: gzip,deflate
{"name":"FastFood"}

14:20:42.842 [main] DEBUG com.intuit.karate - response time in milliseconds: 2235
4 < 204
4 < Content-Type: text/html; charset=utf-8
4 < Connection: keep-alive
4 < Date: Sat, 19 Nov 2022 08:50:42 GMT
4 < Access-Control-Allow-Credentials: false
4 < Access-Control-Allow-Origin: *
4 < Cache-Control: no-cache
4 < Referrer-Policy: strict-origin-when-cross-origin
4 < Strict-Transport-Security: max-age=31536000; includeSubDomains; preload
4 < Vary: Accept-Encoding
4 < Warning: 119 - "Deprecated API version. Will be removed on 2022-11-30"
4 < X-Cache: Miss from cloudfront
4 < Via: 1.1 7d1975e97f05a3fc47c8f5eea10222bc.cloudfront.net (CloudFront)
4 < X-Amz-Cf-Pop: BOM78-P5
4 < X-Amz-Cf-Id: R0z3GkobjNVzQ9xtEaxVDh9ZkXr5M5aXwD5QdmsBNbHpJsx6QcjQcQ==


14:20:42.851 [main] DEBUG com.intuit.karate - request:
5 > DELETE https://api.todoist.com/rest/v1/labels/2163341345
5 > Authorization:  Bearer d5e6004200dd0e7037eeb371cf23e6c9ec1c6d72
5 > Cookie: csrf=696d1a0106fb40edb53c2c3123451b95
5 > Host: api.todoist.com
5 > Connection: Keep-Alive
5 > User-Agent: Apache-HttpClient/4.5.13 (Java/11.0.17)
5 > Accept-Encoding: gzip,deflate


14:20:43.639 [main] DEBUG com.intuit.karate - response time in milliseconds: 788
5 < 204
5 < Content-Type: text/html; charset=utf-8
5 < Connection: keep-alive
5 < Date: Sat, 19 Nov 2022 08:50:43 GMT
5 < Access-Control-Allow-Credentials: false
5 < Access-Control-Allow-Origin: *
5 < Cache-Control: no-cache
5 < Referrer-Policy: strict-origin-when-cross-origin
5 < Strict-Transport-Security: max-age=31536000; includeSubDomains; preload
5 < Vary: Accept-Encoding
5 < Warning: 119 - "Deprecated API version. Will be removed on 2022-11-30"
5 < X-Cache: Miss from cloudfront
5 < Via: 1.1 4560972c6489a38a7c71390784e8d106.cloudfront.net (CloudFront)
5 < X-Amz-Cf-Pop: BOM78-P5
5 < X-Amz-Cf-Id: 1Ix7JLG7SZNwkEO5_ViLcW5aiszQGpEYCiOMQ-obJqA5GmgAAcOIwg==


14:20:44.776 [main] INFO  com.intuit.karate - karate.env system property was: null 
14:20:44.780 [main] DEBUG com.intuit.karate - request:
1 > GET https://api.todoist.com/rest/v1/projects
1 > Authorization:  Bearer d5e6004200dd0e7037eeb371cf23e6c9ec1c6d72
1 > Host: api.todoist.com
1 > Connection: Keep-Alive
1 > User-Agent: Apache-HttpClient/4.5.13 (Java/11.0.17)
1 > Accept-Encoding: gzip,deflate


14:20:45.714 [main] DEBUG com.intuit.karate - response time in milliseconds: 932
1 < 200
1 < Content-Type: application/json
1 < Transfer-Encoding: chunked
1 < Connection: keep-alive
1 < Date: Sat, 19 Nov 2022 08:50:45 GMT
1 < Access-Control-Allow-Credentials: false
1 < Access-Control-Allow-Origin: *
1 < Referrer-Policy: strict-origin-when-cross-origin
1 < Strict-Transport-Security: max-age=31536000; includeSubDomains; preload
1 < Vary: Accept-Encoding
1 < Warning: 119 - "Deprecated API version. Will be removed on 2022-11-30"
1 < X-Cache: Miss from cloudfront
1 < Via: 1.1 42c82f231b0a4d050daeb1e8e5afdece.cloudfront.net (CloudFront)
1 < X-Amz-Cf-Pop: BOM78-P5
1 < X-Amz-Cf-Id: 0AwdcMBHoJvkIdwIhwU2NjHiRNSE98mUEcRDFUArXfQ_f-blOmMBTw==
1 < Set-Cookie: csrf=58aa3078a2e444e095e575f84e8e3e57; Max-Age=1984207845000; Expires=Fri, 04 Dec 64899 22:40:45 GMT; Domain=api.todoist.com; Secure
[
	{
		"id": 2300933332,
		"color": 48,
		"name": "Inbox",
		"comment_count": 0,
		"shared": false,
		"favorite": false,
		"sync_id": 0,
		"inbox_project": true,
		"url": "https://todoist.com/showProject?id=2300933332"
	},
	{
		"id": 2302672150,
		"order": 14,
		"color": 47,
		"name": "Shopping List",
		"comment_count": 0,
		"shared": false,
		"favorite": false,
		"sync_id": 0,
		"url": "https://todoist.com/showProject?id=2302672150"
	},
	{
		"id": 2302672322,
		"order": 15,
		"color": 47,
		"name": "Shopping List",
		"comment_count": 0,
		"shared": false,
		"favorite": false,
		"sync_id": 0,
		"url": "https://todoist.com/showProject?id=2302672322"
	},
	{
		"id": 2302672440,
		"order": 16,
		"color": 47,
		"name": "Shopping List",
		"comment_count": 0,
		"shared": false,
		"favorite": false,
		"sync_id": 0,
		"url": "https://todoist.com/showProject?id=2302672440"
	},
	{
		"id": 2302672467,
		"order": 17,
		"color": 47,
		"name": "Things To Buy",
		"comment_count": 0,
		"shared": false,
		"favorite": false,
		"sync_id": 0,
		"url": "https://todoist.com/showProject?id=2302672467"
	},
	{
		"id": 2302675482,
		"order": 18,
		"color": 47,
		"name": "Things To Buy",
		"comment_count": 0,
		"shared": false,
		"favorite": false,
		"sync_id": 0,
		"url": "https://todoist.com/showProject?id=2302675482"
	},
	{
		"id": 2302675592,
		"order": 19,
		"color": 47,
		"name": "Things To Buy",
		"comment_count": 0,
		"shared": false,
		"favorite": false,
		"sync_id": 0,
		"url": "https://todoist.com/showProject?id=2302675592"
	}
]


14:20:45.730 [main] DEBUG com.intuit.karate - request:
2 > POST https://api.todoist.com/rest/v1/projects
2 > Authorization: Bearer d5e6004200dd0e7037eeb371cf23e6c9ec1c6d72
2 > Cookie: csrf=58aa3078a2e444e095e575f84e8e3e57
2 > Content-Type: application/json; charset=UTF-8
2 > Content-Length: 24
2 > Host: api.todoist.com
2 > Connection: Keep-Alive
2 > User-Agent: Apache-HttpClient/4.5.13 (Java/11.0.17)
2 > Accept-Encoding: gzip,deflate
{"name":"Shopping List"}

14:20:47.042 [main] DEBUG com.intuit.karate - response time in milliseconds: 1312
2 < 200
2 < Content-Type: application/json
2 < Content-Length: 207
2 < Connection: keep-alive
2 < Date: Sat, 19 Nov 2022 08:50:46 GMT
2 < Access-Control-Allow-Credentials: false
2 < Access-Control-Allow-Origin: *
2 < Cache-Control: no-cache
2 < Referrer-Policy: strict-origin-when-cross-origin
2 < Strict-Transport-Security: max-age=31536000; includeSubDomains; preload
2 < Vary: Accept-Encoding
2 < Warning: 119 - "Deprecated API version. Will be removed on 2022-11-30"
2 < X-Cache: Miss from cloudfront
2 < Via: 1.1 d8a08c73e57442ba7d4fdf708da56e92.cloudfront.net (CloudFront)
2 < X-Amz-Cf-Pop: BOM78-P5
2 < X-Amz-Cf-Id: 3QaUpCFR4lmdHBL9HMC6f7xqQQ_pU1XJMBsfaxo7s4-Bw6-VM7IduA==
{
	"id": 2302676063,
	"order": 20,
	"color": 47,
	"name": "Shopping List",
	"comment_count": 0,
	"shared": false,
	"favorite": false,
	"sync_id": 0,
	"url": "https://todoist.com/showProject?id=2302676063"
}


14:20:47.052 [main] DEBUG com.intuit.karate - request:
3 > GET https://api.todoist.com/rest/v1/projects/2302676063
3 > Authorization:  Bearer d5e6004200dd0e7037eeb371cf23e6c9ec1c6d72
3 > Cookie: csrf=58aa3078a2e444e095e575f84e8e3e57
3 > Host: api.todoist.com
3 > Connection: Keep-Alive
3 > User-Agent: Apache-HttpClient/4.5.13 (Java/11.0.17)
3 > Accept-Encoding: gzip,deflate


14:20:47.859 [main] DEBUG com.intuit.karate - response time in milliseconds: 805
3 < 200
3 < Content-Type: application/json
3 < Content-Length: 207
3 < Connection: keep-alive
3 < Date: Sat, 19 Nov 2022 08:50:47 GMT
3 < Access-Control-Allow-Credentials: false
3 < Access-Control-Allow-Origin: *
3 < Referrer-Policy: strict-origin-when-cross-origin
3 < Strict-Transport-Security: max-age=31536000; includeSubDomains; preload
3 < Vary: Accept-Encoding
3 < Warning: 119 - "Deprecated API version. Will be removed on 2022-11-30"
3 < X-Cache: Miss from cloudfront
3 < Via: 1.1 f4bb20c87d16b2dbe5d1a85f19c67294.cloudfront.net (CloudFront)
3 < X-Amz-Cf-Pop: BOM78-P5
3 < X-Amz-Cf-Id: rlbBLblhD3fIM1EuDYvuGyYEooVdvz7uJxBeViaQy6iFB8wzaXxcXw==
{
	"id": 2302676063,
	"order": 20,
	"color": 47,
	"name": "Shopping List",
	"comment_count": 0,
	"shared": false,
	"favorite": false,
	"sync_id": 0,
	"url": "https://todoist.com/showProject?id=2302676063"
}


14:20:47.869 [main] DEBUG com.intuit.karate - request:
4 > POST https://api.todoist.com/rest/v1/projects/2302676063
4 > Authorization:  Bearer d5e6004200dd0e7037eeb371cf23e6c9ec1c6d72
4 > Cookie: csrf=58aa3078a2e444e095e575f84e8e3e57
4 > Content-Type: application/json; charset=UTF-8
4 > Content-Length: 24
4 > Host: api.todoist.com
4 > Connection: Keep-Alive
4 > User-Agent: Apache-HttpClient/4.5.13 (Java/11.0.17)
4 > Accept-Encoding: gzip,deflate
{"name":"Things To Buy"}

14:20:49.189 [main] DEBUG com.intuit.karate - response time in milliseconds: 1319
4 < 204
4 < Content-Type: text/html; charset=utf-8
4 < Connection: keep-alive
4 < Date: Sat, 19 Nov 2022 08:50:49 GMT
4 < Access-Control-Allow-Credentials: false
4 < Access-Control-Allow-Origin: *
4 < Cache-Control: no-cache
4 < Referrer-Policy: strict-origin-when-cross-origin
4 < Strict-Transport-Security: max-age=31536000; includeSubDomains; preload
4 < Vary: Accept-Encoding
4 < Warning: 119 - "Deprecated API version. Will be removed on 2022-11-30"
4 < X-Cache: Miss from cloudfront
4 < Via: 1.1 d50d717134ed031589d1b934a41d279a.cloudfront.net (CloudFront)
4 < X-Amz-Cf-Pop: BOM78-P5
4 < X-Amz-Cf-Id: gj9Sds1WPnzSgQYVpyzl-W1EULKRHS730KRlVT-k3Ibo9fP4hqzz1A==


14:20:49.197 [main] DEBUG com.intuit.karate - request:
5 > GET https://api.todoist.com/rest/v1/projects/2302676063/collaborators
5 > Authorization:  Bearer d5e6004200dd0e7037eeb371cf23e6c9ec1c6d72
5 > Cookie: csrf=58aa3078a2e444e095e575f84e8e3e57
5 > Host: api.todoist.com
5 > Connection: Keep-Alive
5 > User-Agent: Apache-HttpClient/4.5.13 (Java/11.0.17)
5 > Accept-Encoding: gzip,deflate


14:20:50.009 [main] DEBUG com.intuit.karate - response time in milliseconds: 811
5 < 200
5 < Content-Type: application/json
5 < Content-Length: 3
5 < Connection: keep-alive
5 < Date: Sat, 19 Nov 2022 08:50:49 GMT
5 < Access-Control-Allow-Credentials: false
5 < Access-Control-Allow-Origin: *
5 < Referrer-Policy: strict-origin-when-cross-origin
5 < Strict-Transport-Security: max-age=31536000; includeSubDomains; preload
5 < Vary: Accept-Encoding
5 < Warning: 119 - "Deprecated API version. Will be removed on 2022-11-30"
5 < X-Cache: Miss from cloudfront
5 < Via: 1.1 69288c687b19fefbb271f533b15b6b92.cloudfront.net (CloudFront)
5 < X-Amz-Cf-Pop: BOM78-P5
5 < X-Amz-Cf-Id: qCMLVtFfkarmGjvVSDVj12_Emfd_vLR0457FvwiD8vB-YaVOWffDLQ==
[]


14:20:50.048 [main] DEBUG com.intuit.karate - request:
6 > GET https://api.todoist.com/rest/v1/sections?project_id=2302676063
6 > Authorization: Bearer d5e6004200dd0e7037eeb371cf23e6c9ec1c6d72
6 > Cookie: csrf=58aa3078a2e444e095e575f84e8e3e57
6 > Host: api.todoist.com
6 > Connection: Keep-Alive
6 > User-Agent: Apache-HttpClient/4.5.13 (Java/11.0.17)
6 > Accept-Encoding: gzip,deflate


14:20:51.544 [main] DEBUG com.intuit.karate - response time in milliseconds: 1495
6 < 200
6 < Content-Type: application/json
6 < Content-Length: 3
6 < Connection: keep-alive
6 < Date: Sat, 19 Nov 2022 08:50:51 GMT
6 < Access-Control-Allow-Credentials: false
6 < Access-Control-Allow-Origin: *
6 < Referrer-Policy: strict-origin-when-cross-origin
6 < Strict-Transport-Security: max-age=31536000; includeSubDomains; preload
6 < Vary: Accept-Encoding
6 < Warning: 119 - "Deprecated API version. Will be removed on 2022-11-30"
6 < X-Cache: Miss from cloudfront
6 < Via: 1.1 5131642d4ce8d1e181c48addbfe010e6.cloudfront.net (CloudFront)
6 < X-Amz-Cf-Pop: BOM78-P5
6 < X-Amz-Cf-Id: _wrzDltGev8Fl96VBn0r9GySnHmYb_iEw9J5t0ymT4Za9zIAbOPp1g==
[]


14:20:51.553 [main] DEBUG com.intuit.karate - request:
7 > POST https://api.todoist.com/rest/v1/sections
7 > Authorization: Bearer d5e6004200dd0e7037eeb371cf23e6c9ec1c6d72
7 > Cookie: csrf=58aa3078a2e444e095e575f84e8e3e57
7 > Content-Type: application/json; charset=UTF-8
7 > Content-Length: 46
7 > Host: api.todoist.com
7 > Connection: Keep-Alive
7 > User-Agent: Apache-HttpClient/4.5.13 (Java/11.0.17)
7 > Accept-Encoding: gzip,deflate
{"project_id":"2302675592","name":"Groceries"}

14:20:52.781 [main] DEBUG com.intuit.karate - response time in milliseconds: 1227
7 < 200
7 < Content-Type: application/json
7 < Content-Length: 83
7 < Connection: keep-alive
7 < Date: Sat, 19 Nov 2022 08:50:52 GMT
7 < Access-Control-Allow-Credentials: false
7 < Access-Control-Allow-Origin: *
7 < Cache-Control: no-cache
7 < Referrer-Policy: strict-origin-when-cross-origin
7 < Strict-Transport-Security: max-age=31536000; includeSubDomains; preload
7 < Vary: Accept-Encoding
7 < Warning: 119 - "Deprecated API version. Will be removed on 2022-11-30"
7 < X-Cache: Miss from cloudfront
7 < Via: 1.1 ff28c096d027c983cb30a1fcf83ea578.cloudfront.net (CloudFront)
7 < X-Amz-Cf-Pop: BOM78-P5
7 < X-Amz-Cf-Id: jX6NeZ34g54loqMMKXMYtupSBfUdFY4I9tcTv3V_O738Gy1XBVPDfA==
{
	"id": 107277596,
	"project_id": 2302675592,
	"order": 2,
	"name": "Groceries"
}


14:20:52.797 [main] DEBUG com.intuit.karate - request:
8 > GET https://api.todoist.com/rest/v1/sections/107277596
8 > Authorization:  Bearer d5e6004200dd0e7037eeb371cf23e6c9ec1c6d72
8 > Cookie: csrf=58aa3078a2e444e095e575f84e8e3e57
8 > Host: api.todoist.com
8 > Connection: Keep-Alive
8 > User-Agent: Apache-HttpClient/4.5.13 (Java/11.0.17)
8 > Accept-Encoding: gzip,deflate


14:20:54.104 [main] DEBUG com.intuit.karate - response time in milliseconds: 1307
8 < 200
8 < Content-Type: application/json
8 < Content-Length: 83
8 < Connection: keep-alive
8 < Date: Sat, 19 Nov 2022 08:50:53 GMT
8 < Access-Control-Allow-Credentials: false
8 < Access-Control-Allow-Origin: *
8 < Referrer-Policy: strict-origin-when-cross-origin
8 < Strict-Transport-Security: max-age=31536000; includeSubDomains; preload
8 < Vary: Accept-Encoding
8 < Warning: 119 - "Deprecated API version. Will be removed on 2022-11-30"
8 < X-Cache: Miss from cloudfront
8 < Via: 1.1 5f77629b958f4c8136b55116def20b30.cloudfront.net (CloudFront)
8 < X-Amz-Cf-Pop: BOM78-P5
8 < X-Amz-Cf-Id: VtfL2oQTfWGPJsDhsboWSRVxXvCMblyVH6JCQhicyIrDEO5F_AbOeA==
{
	"id": 107277596,
	"project_id": 2302675592,
	"order": 2,
	"name": "Groceries"
}


14:20:54.116 [main] DEBUG com.intuit.karate - request:
9 > POST https://api.todoist.com/rest/v1/sections/107277596
9 > Authorization:  Bearer d5e6004200dd0e7037eeb371cf23e6c9ec1c6d72
9 > Cookie: csrf=58aa3078a2e444e095e575f84e8e3e57
9 > Content-Type: application/json; charset=UTF-8
9 > Content-Length: 22
9 > Host: api.todoist.com
9 > Connection: Keep-Alive
9 > User-Agent: Apache-HttpClient/4.5.13 (Java/11.0.17)
9 > Accept-Encoding: gzip,deflate
{"name":"Supermarket"}

14:20:55.643 [main] DEBUG com.intuit.karate - response time in milliseconds: 1527
9 < 204
9 < Content-Type: text/html; charset=utf-8
9 < Connection: keep-alive
9 < Date: Sat, 19 Nov 2022 08:50:55 GMT
9 < Access-Control-Allow-Credentials: false
9 < Access-Control-Allow-Origin: *
9 < Cache-Control: no-cache
9 < Referrer-Policy: strict-origin-when-cross-origin
9 < Strict-Transport-Security: max-age=31536000; includeSubDomains; preload
9 < Vary: Accept-Encoding
9 < Warning: 119 - "Deprecated API version. Will be removed on 2022-11-30"
9 < X-Cache: Miss from cloudfront
9 < Via: 1.1 3a2bb5bb725c81e445351e6220d093cc.cloudfront.net (CloudFront)
9 < X-Amz-Cf-Pop: BOM78-P5
9 < X-Amz-Cf-Id: 3PwZPf25mB7gIhYPZGnGl30bymCobNmlWyGyn2_iEDlqQefDiiqQEQ==


14:20:55.650 [main] DEBUG com.intuit.karate - request:
10 > DELETE https://api.todoist.com/rest/v1/sections/107277596
10 > Authorization:  Bearer d5e6004200dd0e7037eeb371cf23e6c9ec1c6d72
10 > Cookie: csrf=58aa3078a2e444e095e575f84e8e3e57
10 > Host: api.todoist.com
10 > Connection: Keep-Alive
10 > User-Agent: Apache-HttpClient/4.5.13 (Java/11.0.17)
10 > Accept-Encoding: gzip,deflate


14:20:56.974 [main] DEBUG com.intuit.karate - response time in milliseconds: 1324
10 < 204
10 < Content-Type: text/html; charset=utf-8
10 < Connection: keep-alive
10 < Date: Sat, 19 Nov 2022 08:50:56 GMT
10 < Access-Control-Allow-Credentials: false
10 < Access-Control-Allow-Origin: *
10 < Cache-Control: no-cache
10 < Referrer-Policy: strict-origin-when-cross-origin
10 < Strict-Transport-Security: max-age=31536000; includeSubDomains; preload
10 < Vary: Accept-Encoding
10 < Warning: 119 - "Deprecated API version. Will be removed on 2022-11-30"
10 < X-Cache: Miss from cloudfront
10 < Via: 1.1 360075adf1c9391fe1ab46537f601412.cloudfront.net (CloudFront)
10 < X-Amz-Cf-Pop: BOM78-P5
10 < X-Amz-Cf-Id: z54pUVzsjnzueIpVCy4HZ2VdTmY9QzgZ1uDv9XqkcJPGsMFpLU-HWg==


14:20:56.981 [main] DEBUG com.intuit.karate - request:
11 > DELETE https://api.todoist.com/rest/v1/projects/2302676063
11 > Authorization:  Bearer d5e6004200dd0e7037eeb371cf23e6c9ec1c6d72
11 > Cookie: csrf=58aa3078a2e444e095e575f84e8e3e57
11 > Host: api.todoist.com
11 > Connection: Keep-Alive
11 > User-Agent: Apache-HttpClient/4.5.13 (Java/11.0.17)
11 > Accept-Encoding: gzip,deflate


14:20:57.998 [main] DEBUG com.intuit.karate - response time in milliseconds: 1016
11 < 204
11 < Content-Type: text/html; charset=utf-8
11 < Connection: keep-alive
11 < Date: Sat, 19 Nov 2022 08:50:57 GMT
11 < Access-Control-Allow-Credentials: false
11 < Access-Control-Allow-Origin: *
11 < Cache-Control: no-cache
11 < Referrer-Policy: strict-origin-when-cross-origin
11 < Strict-Transport-Security: max-age=31536000; includeSubDomains; preload
11 < Vary: Accept-Encoding
11 < Warning: 119 - "Deprecated API version. Will be removed on 2022-11-30"
11 < X-Cache: Miss from cloudfront
11 < Via: 1.1 80485f497dde60cfba8680bcbc6862d0.cloudfront.net (CloudFront)
11 < X-Amz-Cf-Pop: BOM78-P5
11 < X-Amz-Cf-Id: FR22OWdx8UMBJ-DtKU1cIYYoNQWDNEYRj6iqpBD-3qZUAJgsBaZYXg==


14:20:58.438 [main] INFO  com.intuit.karate - karate.env system property was: null 
14:20:58.443 [main] DEBUG com.intuit.karate - request:
1 > GET https://api.todoist.com/rest/v1/tasks
1 > Authorization: Bearer d5e6004200dd0e7037eeb371cf23e6c9ec1c6d72
1 > Host: api.todoist.com
1 > Connection: Keep-Alive
1 > User-Agent: Apache-HttpClient/4.5.13 (Java/11.0.17)
1 > Accept-Encoding: gzip,deflate


14:20:59.225 [main] DEBUG com.intuit.karate - response time in milliseconds: 782
1 < 200
1 < Content-Type: application/json
1 < Transfer-Encoding: chunked
1 < Connection: keep-alive
1 < Date: Sat, 19 Nov 2022 08:50:59 GMT
1 < Access-Control-Allow-Credentials: false
1 < Access-Control-Allow-Origin: *
1 < Referrer-Policy: strict-origin-when-cross-origin
1 < Strict-Transport-Security: max-age=31536000; includeSubDomains; preload
1 < Vary: Accept-Encoding
1 < Warning: 119 - "Deprecated API version. Will be removed on 2022-11-30"
1 < X-Cache: Miss from cloudfront
1 < Via: 1.1 4850de46ab8614f257b88a6151d83804.cloudfront.net (CloudFront)
1 < X-Amz-Cf-Pop: BOM78-P5
1 < X-Amz-Cf-Id: aaQw8WrBPeqJm27EkawxW1heAYyPNa0byTrQ0MaIgdxucL7sRtcfyw==
1 < Set-Cookie: csrf=fcd16c8c71654727ba686e780ec14546; Max-Age=1984207859000; Expires=Sat, 05 Dec 64899 02:34:19 GMT; Domain=api.todoist.com; Secure
[
	{
		"id": 6281072714,
		"assigner": 0,
		"project_id": 2300933332,
		"section_id": 0,
		"order": 1,
		"content": "Buy Coffee",
		"description": "",
		"completed": false,
		"label_ids": [],
		"priority": 4,
		"comment_count": 2,
		"creator": 41563033,
		"created": "2022-10-21T05:51:18.316379Z",
		"due": {
			"date": "2022-10-22",
			"string": "tomorrow at 12:00",
			"lang": "en",
			"datetime": "2022-10-22T12:00:00",
			"recurring": false
		},
		"url": "https://todoist.com/showTask?id=6281072714"
	},
	{
		"id": 6308733890,
		"assigner": 0,
		"project_id": 2300933332,
		"section_id": 0,
		"order": 31,
		"content": "Buy Coffee",
		"description": "",
		"completed": false,
		"label_ids": [],
		"priority": 4,
		"comment_count": 17,
		"creator": 41563033,
		"created": "2022-10-31T10:20:30.519927Z",
		"due": {
			"date": "2022-11-01",
			"string": "tomorrow at 12:00",
			"lang": "en",
			"datetime": "2022-11-01T12:00:00",
			"recurring": false
		},
		"url": "https://todoist.com/showTask?id=6308733890"
	},
	{
		"id": 6308748765,
		"assigner": 0,
		"project_id": 2300933332,
		"section_id": 0,
		"order": 3,
		"content": "Buy Milk",
		"description": "",
		"completed": false,
		"label_ids": [],
		"priority": 4,
		"comment_count": 0,
		"creator": 41563033,
		"created": "2022-10-31T10:25:42.688625Z",
		"due": {
			"date": "2022-11-01",
			"string": "tomorrow at 12:00",
			"lang": "en",
			"datetime": "2022-11-01T12:00:00",
			"recurring": false
		},
		"url": "https://todoist.com/showTask?id=6308748765"
	},
	{
		"id": 6308868868,
		"assigner": 0,
		"project_id": 2300933332,
		"section_id": 0,
		"order": 5,
		"content": "Buy Milk",
		"description": "",
		"completed": false,
		"label_ids": [],
		"priority": 4,
		"comment_count": 0,
		"creator": 41563033,
		"created": "2022-10-31T11:08:19.394051Z",
		"due": {
			"date": "2022-11-01",
			"string": "tomorrow at 12:00",
			"lang": "en",
			"datetime": "2022-11-01T12:00:00",
			"recurring": false
		},
		"url": "https://todoist.com/showTask?id=6308868868"
	},
	{
		"id": 6309251711,
		"assigner": 0,
		"project_id": 2300933332,
		"section_id": 0,
		"order": 7,
		"content": "Buy Milk",
		"description": "",
		"completed": false,
		"label_ids": [],
		"priority": 4,
		"comment_count": 0,
		"creator": 41563033,
		"created": "2022-10-31T13:13:33.560199Z",
		"due": {
			"date": "2022-11-01",
			"string": "tomorrow at 12:00",
			"lang": "en",
			"datetime": "2022-11-01T12:00:00",
			"recurring": false
		},
		"url": "https://todoist.com/showTask?id=6309251711"
	},
	{
		"id": 6309300782,
		"assigner": 0,
		"project_id": 2300933332,
		"section_id": 0,
		"order": 9,
		"content": "Buy Milk",
		"description": "",
		"completed": false,
		"label_ids": [],
		"priority": 4,
		"comment_count": 0,
		"creator": 41563033,
		"created": "2022-10-31T13:27:53.315054Z",
		"due": {
			"date": "2022-11-01",
			"string": "tomorrow at 12:00",
			"lang": "en",
			"datetime": "2022-11-01T12:00:00",
			"recurring": false
		},
		"url": "https://todoist.com/showTask?id=6309300782"
	},
	{
		"id": 6309350917,
		"assigner": 0,
		"project_id": 2300933332,
		"section_id": 0,
		"order": 11,
		"content": "Buy Milk",
		"description": "",
		"completed": false,
		"label_ids": [],
		"priority": 4,
		"comment_count": 0,
		"creator": 41563033,
		"created": "2022-10-31T13:41:25.682934Z",
		"due": {
			"date": "2022-11-01",
			"string": "tomorrow at 12:00",
			"lang": "en",
			"datetime": "2022-11-01T12:00:00",
			"recurring": false
		},
		"url": "https://todoist.com/showTask?id=6309350917"
	},
	{
		"id": 6311294770,
		"assigner": 0,
		"project_id": 2300933332,
		"section_id": 0,
		"order": 13,
		"content": "Buy Milk",
		"description": "",
		"completed": false,
		"label_ids": [],
		"priority": 4,
		"comment_count": 0,
		"creator": 41563033,
		"created": "2022-11-01T04:06:43.709785Z",
		"due": {
			"date": "2022-11-02",
			"string": "tomorrow at 12:00",
			"lang": "en",
			"datetime": "2022-11-02T12:00:00",
			"recurring": false
		},
		"url": "https://todoist.com/showTask?id=6311294770"
	},
	{
		"id": 6311302276,
		"assigner": 0,
		"project_id": 2300933332,
		"section_id": 0,
		"order": 15,
		"content": "Buy Milk",
		"description": "",
		"completed": false,
		"label_ids": [],
		"priority": 4,
		"comment_count": 0,
		"creator": 41563033,
		"created": "2022-11-01T04:13:46.516210Z",
		"due": {
			"date": "2022-11-02",
			"string": "tomorrow at 12:00",
			"lang": "en",
			"datetime": "2022-11-02T12:00:00",
			"recurring": false
		},
		"url": "https://todoist.com/showTask?id=6311302276"
	},
	{
		"id": 6311330819,
		"assigner": 0,
		"project_id": 2300933332,
		"section_id": 0,
		"order": 17,
		"content": "Buy Milk",
		"description": "",
		"completed": false,
		"label_ids": [],
		"priority": 4,
		"comment_count": 0,
		"creator": 41563033,
		"created": "2022-11-01T04:39:49.248267Z",
		"due": {
			"date": "2022-11-02",
			"string": "tomorrow at 12:00",
			"lang": "en",
			"datetime": "2022-11-02T12:00:00",
			"recurring": false
		},
		"url": "https://todoist.com/showTask?id=6311330819"
	},
	{
		"id": 6311342364,
		"assigner": 0,
		"project_id": 2300933332,
		"section_id": 0,
		"order": 19,
		"content": "Buy Milk",
		"description": "",
		"completed": false,
		"label_ids": [],
		"priority": 4,
		"comment_count": 0,
		"creator": 41563033,
		"created": "2022-11-01T04:49:38.780565Z",
		"due": {
			"date": "2022-11-02",
			"string": "tomorrow at 12:00",
			"lang": "en",
			"datetime": "2022-11-02T12:00:00",
			"recurring": false
		},
		"url": "https://todoist.com/showTask?id=6311342364"
	},
	{
		"id": 6311360649,
		"assigner": 0,
		"project_id": 2300933332,
		"section_id": 0,
		"order": 21,
		"content": "Buy Milk",
		"description": "",
		"completed": false,
		"label_ids": [],
		"priority": 4,
		"comment_count": 0,
		"creator": 41563033,
		"created": "2022-11-01T05:05:38.025812Z",
		"due": {
			"date": "2022-11-02",
			"string": "tomorrow at 12:00",
			"lang": "en",
			"datetime": "2022-11-02T12:00:00",
			"recurring": false
		},
		"url": "https://todoist.com/showTask?id=6311360649"
	},
	{
		"id": 6312291301,
		"assigner": 0,
		"project_id": 2300933332,
		"section_id": 0,
		"order": 23,
		"content": "Buy Milk",
		"description": "",
		"completed": false,
		"label_ids": [],
		"priority": 4,
		"comment_count": 0,
		"creator": 41563033,
		"created": "2022-11-01T12:31:35.396878Z",
		"due": {
			"date": "2022-11-02",
			"string": "tomorrow at 12:00",
			"lang": "en",
			"datetime": "2022-11-02T12:00:00",
			"recurring": false
		},
		"url": "https://todoist.com/showTask?id=6312291301"
	},
	{
		"id": 6312303639,
		"assigner": 0,
		"project_id": 2300933332,
		"section_id": 0,
		"order": 25,
		"content": "Buy Milk",
		"description": "",
		"completed": false,
		"label_ids": [],
		"priority": 4,
		"comment_count": 0,
		"creator": 41563033,
		"created": "2022-11-01T12:36:10.997070Z",
		"due": {
			"date": "2022-11-02",
			"string": "tomorrow at 12:00",
			"lang": "en",
			"datetime": "2022-11-02T12:00:00",
			"recurring": false
		},
		"url": "https://todoist.com/showTask?id=6312303639"
	},
	{
		"id": 6317935919,
		"assigner": 0,
		"project_id": 2300933332,
		"section_id": 0,
		"order": 27,
		"content": "Buy Milk",
		"description": "",
		"completed": false,
		"label_ids": [],
		"priority": 4,
		"comment_count": 1,
		"creator": 41563033,
		"created": "2022-11-03T06:20:17.913400Z",
		"due": {
			"date": "2022-11-04",
			"string": "tomorrow at 12:00",
			"lang": "en",
			"datetime": "2022-11-04T12:00:00",
			"recurring": false
		},
		"url": "https://todoist.com/showTask?id=6317935919"
	},
	{
		"id": 6320909126,
		"assigner": 0,
		"project_id": 2300933332,
		"section_id": 0,
		"order": 28,
		"content": "Buy Milk",
		"description": "",
		"completed": false,
		"label_ids": [],
		"priority": 4,
		"comment_count": 0,
		"creator": 41563033,
		"created": "2022-11-04T03:16:54.661502Z",
		"due": {
			"date": "2022-11-05",
			"string": "tomorrow at 12:00",
			"lang": "en",
			"datetime": "2022-11-05T12:00:00",
			"recurring": false
		},
		"url": "https://todoist.com/showTask?id=6320909126"
	},
	{
		"id": 6320916918,
		"assigner": 0,
		"project_id": 2300933332,
		"section_id": 0,
		"order": 30,
		"content": "Buy Milk",
		"description": "",
		"completed": false,
		"label_ids": [],
		"priority": 4,
		"comment_count": 0,
		"creator": 41563033,
		"created": "2022-11-04T03:24:18.695526Z",
		"due": {
			"date": "2022-11-05",
			"string": "tomorrow at 12:00",
			"lang": "en",
			"datetime": "2022-11-05T12:00:00",
			"recurring": false
		},
		"url": "https://todoist.com/showTask?id=6320916918"
	},
	{
		"id": 6360790872,
		"assigner": 0,
		"project_id": 2300933332,
		"section_id": 0,
		"order": 32,
		"content": "Buy Milk",
		"description": "",
		"completed": false,
		"label_ids": [],
		"priority": 4,
		"comment_count": 1,
		"creator": 41563033,
		"created": "2022-11-17T17:07:36.522545Z",
		"due": {
			"date": "2022-11-18",
			"string": "tomorrow at 12:00",
			"lang": "en",
			"datetime": "2022-11-18T12:00:00",
			"recurring": false
		},
		"url": "https://todoist.com/showTask?id=6360790872"
	},
	{
		"id": 6365160322,
		"assigner": 0,
		"project_id": 2300933332,
		"section_id": 0,
		"order": 33,
		"content": "Buy Coffee",
		"description": "",
		"completed": false,
		"label_ids": [],
		"priority": 4,
		"comment_count": 0,
		"creator": 41563033,
		"created": "2022-11-19T08:15:06.066960Z",
		"due": {
			"date": "2022-11-20",
			"string": "tomorrow at 12:00",
			"lang": "en",
			"datetime": "2022-11-20T12:00:00",
			"recurring": false
		},
		"url": "https://todoist.com/showTask?id=6365160322"
	},
	{
		"id": 6365180422,
		"assigner": 0,
		"project_id": 2300933332,
		"section_id": 0,
		"order": 34,
		"content": "Buy Coffee",
		"description": "",
		"completed": false,
		"label_ids": [],
		"priority": 4,
		"comment_count": 0,
		"creator": 41563033,
		"created": "2022-11-19T08:27:44.645819Z",
		"due": {
			"date": "2022-11-20",
			"string": "tomorrow at 12:00",
			"lang": "en",
			"datetime": "2022-11-20T12:00:00",
			"recurring": false
		},
		"url": "https://todoist.com/showTask?id=6365180422"
	},
	{
		"id": 6365187716,
		"assigner": 0,
		"project_id": 2300933332,
		"section_id": 0,
		"order": 35,
		"content": "Buy Coffee",
		"description": "",
		"completed": false,
		"label_ids": [],
		"priority": 4,
		"comment_count": 0,
		"creator": 41563033,
		"created": "2022-11-19T08:32:36.511798Z",
		"due": {
			"date": "2022-11-20",
			"string": "tomorrow at 12:00",
			"lang": "en",
			"datetime": "2022-11-20T12:00:00",
			"recurring": false
		},
		"url": "https://todoist.com/showTask?id=6365187716"
	}
]


14:20:59.243 [main] DEBUG com.intuit.karate - request:
2 > POST https://api.todoist.com/rest/v1/tasks
2 > Authorization: Bearer d5e6004200dd0e7037eeb371cf23e6c9ec1c6d72
2 > Cookie: csrf=fcd16c8c71654727ba686e780ec14546
2 > Content-Type: application/json; charset=UTF-8
2 > Content-Length: 84
2 > Host: api.todoist.com
2 > Connection: Keep-Alive
2 > User-Agent: Apache-HttpClient/4.5.13 (Java/11.0.17)
2 > Accept-Encoding: gzip,deflate
{"content":"Buy Milk","due_string":"tomorrow at 12:00","due_lang":"en","priority":4}

14:21:00.452 [main] DEBUG com.intuit.karate - response time in milliseconds: 1209
2 < 200
2 < Content-Type: application/json
2 < Content-Length: 481
2 < Connection: keep-alive
2 < Date: Sat, 19 Nov 2022 08:51:00 GMT
2 < Access-Control-Allow-Credentials: false
2 < Access-Control-Allow-Origin: *
2 < Cache-Control: no-cache
2 < Referrer-Policy: strict-origin-when-cross-origin
2 < Strict-Transport-Security: max-age=31536000; includeSubDomains; preload
2 < Vary: Accept-Encoding
2 < Warning: 119 - "Deprecated API version. Will be removed on 2022-11-30"
2 < X-Cache: Miss from cloudfront
2 < Via: 1.1 1ce7d0f67780ff9e4b4a3aaf3348e99c.cloudfront.net (CloudFront)
2 < X-Amz-Cf-Pop: BOM78-P5
2 < X-Amz-Cf-Id: ERjglwYyjJwtKw8J677ONxKGAA6EqBPlwaClDneVqXXsd0co1jVI9w==
{
	"id": 6365216031,
	"assigner": 0,
	"project_id": 2300933332,
	"section_id": 0,
	"order": 36,
	"content": "Buy Milk",
	"description": "",
	"completed": false,
	"label_ids": [],
	"priority": 4,
	"comment_count": 0,
	"creator": 41563033,
	"created": "2022-11-19T08:50:59.945959Z",
	"due": {
		"date": "2022-11-20",
		"string": "tomorrow at 12:00",
		"lang": "en",
		"datetime": "2022-11-20T12:00:00",
		"recurring": false
	},
	"url": "https://todoist.com/showTask?id=6365216031"
}


14:21:00.460 [main] DEBUG com.intuit.karate - request:
3 > GET https://api.todoist.com/rest/v1/tasks/6365216031
3 > Authorization:  Bearer d5e6004200dd0e7037eeb371cf23e6c9ec1c6d72
3 > Cookie: csrf=fcd16c8c71654727ba686e780ec14546
3 > Host: api.todoist.com
3 > Connection: Keep-Alive
3 > User-Agent: Apache-HttpClient/4.5.13 (Java/11.0.17)
3 > Accept-Encoding: gzip,deflate


14:21:01.275 [main] DEBUG com.intuit.karate - response time in milliseconds: 814
3 < 200
3 < Content-Type: application/json
3 < Content-Length: 481
3 < Connection: keep-alive
3 < Date: Sat, 19 Nov 2022 08:51:01 GMT
3 < Access-Control-Allow-Credentials: false
3 < Access-Control-Allow-Origin: *
3 < Referrer-Policy: strict-origin-when-cross-origin
3 < Strict-Transport-Security: max-age=31536000; includeSubDomains; preload
3 < Vary: Accept-Encoding
3 < Warning: 119 - "Deprecated API version. Will be removed on 2022-11-30"
3 < X-Cache: Miss from cloudfront
3 < Via: 1.1 cc119036dfa35299e080e280c844d400.cloudfront.net (CloudFront)
3 < X-Amz-Cf-Pop: BOM78-P5
3 < X-Amz-Cf-Id: cR82-mmw3Hs7-UHzv-zFKaSKq8JGBFKLUIguWxC3V71CmevyqF0OWQ==
{
	"id": 6365216031,
	"assigner": 0,
	"project_id": 2300933332,
	"section_id": 0,
	"order": 36,
	"content": "Buy Milk",
	"description": "",
	"completed": false,
	"label_ids": [],
	"priority": 4,
	"comment_count": 0,
	"creator": 41563033,
	"created": "2022-11-19T08:50:59.945959Z",
	"due": {
		"date": "2022-11-20",
		"string": "tomorrow at 12:00",
		"lang": "en",
		"datetime": "2022-11-20T12:00:00",
		"recurring": false
	},
	"url": "https://todoist.com/showTask?id=6365216031"
}


14:21:01.284 [main] DEBUG com.intuit.karate - request:
4 > POST https://api.todoist.com/rest/v1/tasks/6365216031
4 > Authorization:  Bearer d5e6004200dd0e7037eeb371cf23e6c9ec1c6d72
4 > Cookie: csrf=fcd16c8c71654727ba686e780ec14546
4 > Content-Type: application/json; charset=UTF-8
4 > Content-Length: 24
4 > Host: api.todoist.com
4 > Connection: Keep-Alive
4 > User-Agent: Apache-HttpClient/4.5.13 (Java/11.0.17)
4 > Accept-Encoding: gzip,deflate
{"content":"Buy Coffee"}

14:21:02.705 [main] DEBUG com.intuit.karate - response time in milliseconds: 1420
4 < 204
4 < Content-Type: text/html; charset=utf-8
4 < Connection: keep-alive
4 < Date: Sat, 19 Nov 2022 08:51:02 GMT
4 < Access-Control-Allow-Credentials: false
4 < Access-Control-Allow-Origin: *
4 < Cache-Control: no-cache
4 < Referrer-Policy: strict-origin-when-cross-origin
4 < Strict-Transport-Security: max-age=31536000; includeSubDomains; preload
4 < Vary: Accept-Encoding
4 < Warning: 119 - "Deprecated API version. Will be removed on 2022-11-30"
4 < X-Cache: Miss from cloudfront
4 < Via: 1.1 2fb9bc1cd7b9b99ee1d8d63cef8fdba6.cloudfront.net (CloudFront)
4 < X-Amz-Cf-Pop: BOM78-P5
4 < X-Amz-Cf-Id: bta2DEG-Tayb9ILdPk1FTM_x4nCnYuk8EeKFQUp-AWcUZpDbTIJxtQ==


14:21:02.713 [main] DEBUG com.intuit.karate - request:
5 > POST https://api.todoist.com/rest/v1/tasks/6365216031/close
5 > Authorization:  Bearer d5e6004200dd0e7037eeb371cf23e6c9ec1c6d72
5 > Cookie: csrf=fcd16c8c71654727ba686e780ec14546
5 > Host: api.todoist.com
5 > Connection: Keep-Alive
5 > User-Agent: Apache-HttpClient/4.5.13 (Java/11.0.17)
5 > Accept-Encoding: gzip,deflate


14:21:04.036 [main] DEBUG com.intuit.karate - response time in milliseconds: 1322
5 < 204
5 < Content-Type: text/html; charset=utf-8
5 < Connection: keep-alive
5 < Date: Sat, 19 Nov 2022 08:51:03 GMT
5 < Access-Control-Allow-Credentials: false
5 < Access-Control-Allow-Origin: *
5 < Cache-Control: no-cache
5 < Referrer-Policy: strict-origin-when-cross-origin
5 < Strict-Transport-Security: max-age=31536000; includeSubDomains; preload
5 < Vary: Accept-Encoding
5 < Warning: 119 - "Deprecated API version. Will be removed on 2022-11-30"
5 < X-Cache: Miss from cloudfront
5 < Via: 1.1 55c998bf476c1eed8349d44de74f848a.cloudfront.net (CloudFront)
5 < X-Amz-Cf-Pop: BOM78-P5
5 < X-Amz-Cf-Id: 4mZ-ookuDGNBqeRs8K8EEGKP7BqL-DzYLWTiY9fCNUsXpvbhOM1rIg==


14:21:04.042 [main] DEBUG com.intuit.karate - request:
6 > POST https://api.todoist.com/rest/v1/tasks/6365216031/reopen
6 > Authorization:  Bearer d5e6004200dd0e7037eeb371cf23e6c9ec1c6d72
6 > Cookie: csrf=fcd16c8c71654727ba686e780ec14546
6 > Host: api.todoist.com
6 > Connection: Keep-Alive
6 > User-Agent: Apache-HttpClient/4.5.13 (Java/11.0.17)
6 > Accept-Encoding: gzip,deflate


14:21:05.572 [main] DEBUG com.intuit.karate - response time in milliseconds: 1529
6 < 204
6 < Content-Type: text/html; charset=utf-8
6 < Connection: keep-alive
6 < Date: Sat, 19 Nov 2022 08:51:05 GMT
6 < Access-Control-Allow-Credentials: false
6 < Access-Control-Allow-Origin: *
6 < Cache-Control: no-cache
6 < Referrer-Policy: strict-origin-when-cross-origin
6 < Strict-Transport-Security: max-age=31536000; includeSubDomains; preload
6 < Vary: Accept-Encoding
6 < Warning: 119 - "Deprecated API version. Will be removed on 2022-11-30"
6 < X-Cache: Miss from cloudfront
6 < Via: 1.1 345f496d00ae1b7643706de6cdfc0808.cloudfront.net (CloudFront)
6 < X-Amz-Cf-Pop: BOM78-P5
6 < X-Amz-Cf-Id: QrGnulfxay4zyKt0uhwigUQ6nYmGEIFxN8uLK_xikrVLKKW8cF7TDQ==


14:21:05.595 [main] DEBUG com.intuit.karate - request:
7 > GET https://api.todoist.com/rest/v1/comments?task_id=6365216031
7 > Authorization: Bearer d5e6004200dd0e7037eeb371cf23e6c9ec1c6d72
7 > Cookie: csrf=fcd16c8c71654727ba686e780ec14546
7 > Host: api.todoist.com
7 > Connection: Keep-Alive
7 > User-Agent: Apache-HttpClient/4.5.13 (Java/11.0.17)
7 > Accept-Encoding: gzip,deflate


14:21:07.213 [main] DEBUG com.intuit.karate - response time in milliseconds: 1617
7 < 200
7 < Content-Type: application/json
7 < Content-Length: 3
7 < Connection: keep-alive
7 < Date: Sat, 19 Nov 2022 08:51:06 GMT
7 < Access-Control-Allow-Credentials: false
7 < Access-Control-Allow-Origin: *
7 < Referrer-Policy: strict-origin-when-cross-origin
7 < Strict-Transport-Security: max-age=31536000; includeSubDomains; preload
7 < Vary: Accept-Encoding
7 < Warning: 119 - "Deprecated API version. Will be removed on 2022-11-30"
7 < X-Cache: Miss from cloudfront
7 < Via: 1.1 4ceb118e04d8caeb5b1fa5f1e463856e.cloudfront.net (CloudFront)
7 < X-Amz-Cf-Pop: BOM78-P5
7 < X-Amz-Cf-Id: nMR4Qqtxw9DeT13AA_DjE2hi3L3tU46KWzoAr_ElxBCZ_0r2YjVvhA==
[]


14:21:07.219 [main] DEBUG com.intuit.karate - request:
8 > POST https://api.todoist.com/rest/v1/comments
8 > Authorization: Bearer d5e6004200dd0e7037eeb371cf23e6c9ec1c6d72
8 > Cookie: csrf=fcd16c8c71654727ba686e780ec14546
8 > Content-Type: application/json; charset=UTF-8
8 > Content-Length: 229
8 > Host: api.todoist.com
8 > Connection: Keep-Alive
8 > User-Agent: Apache-HttpClient/4.5.13 (Java/11.0.17)
8 > Accept-Encoding: gzip,deflate
{"task_id":6308733890,"content":"Need one bottle of milk","attachment":{"resource_type":"file","file_url":"https:\/\/s3.amazonaws.com\/domorebetter\/Todoist+Setup+Guide.pdf","file_type":"application\/pdf","file_name":"File.pdf"}}

14:21:07.825 [main] DEBUG com.intuit.karate - response time in milliseconds: 605
8 < 200
8 < Content-Type: application/json
8 < Content-Length: 287
8 < Connection: keep-alive
8 < Date: Sat, 19 Nov 2022 08:51:07 GMT
8 < Access-Control-Allow-Credentials: false
8 < Access-Control-Allow-Origin: *
8 < Cache-Control: no-cache
8 < Referrer-Policy: strict-origin-when-cross-origin
8 < Strict-Transport-Security: max-age=31536000; includeSubDomains; preload
8 < Vary: Accept-Encoding
8 < Warning: 119 - "Deprecated API version. Will be removed on 2022-11-30"
8 < X-Cache: Miss from cloudfront
8 < Via: 1.1 ca6a8f79bd862f05717933aee496ef70.cloudfront.net (CloudFront)
8 < X-Amz-Cf-Pop: BOM78-P5
8 < X-Amz-Cf-Id: ju6kkbc7dhvmoQ7nJez3BOQbr9AYfbtDQnS6m66qNHj9X59ScSszYA==
{
	"id": 3176587750,
	"task_id": 6308733890,
	"content": "Need one bottle of milk",
	"posted": "2022-11-19T08:51:07.594748Z",
	"attachment": {
		"file_name": "File.pdf",
		"file_type": "application/pdf",
		"file_url": "https://s3.amazonaws.com/domorebetter/Todoist+Setup+Guide.pdf"
	}
}


14:21:07.831 [main] DEBUG com.intuit.karate - request:
9 > GET https://api.todoist.com/rest/v1/comments/3176587750
9 > Authorization:  Bearer d5e6004200dd0e7037eeb371cf23e6c9ec1c6d72
9 > Cookie: csrf=fcd16c8c71654727ba686e780ec14546
9 > Host: api.todoist.com
9 > Connection: Keep-Alive
9 > User-Agent: Apache-HttpClient/4.5.13 (Java/11.0.17)
9 > Accept-Encoding: gzip,deflate


14:21:08.340 [main] DEBUG com.intuit.karate - response time in milliseconds: 509
9 < 200
9 < Content-Type: application/json
9 < Content-Length: 287
9 < Connection: keep-alive
9 < Date: Sat, 19 Nov 2022 08:51:08 GMT
9 < Access-Control-Allow-Credentials: false
9 < Access-Control-Allow-Origin: *
9 < Referrer-Policy: strict-origin-when-cross-origin
9 < Strict-Transport-Security: max-age=31536000; includeSubDomains; preload
9 < Vary: Accept-Encoding
9 < Warning: 119 - "Deprecated API version. Will be removed on 2022-11-30"
9 < X-Cache: Miss from cloudfront
9 < Via: 1.1 b66f38a0aa84ff9d1f85daf54ab2c35a.cloudfront.net (CloudFront)
9 < X-Amz-Cf-Pop: BOM78-P5
9 < X-Amz-Cf-Id: pdWNR0iIxIwFtDhRhjvnESTClgL038GKVf1nqHa0z2oHcr84VlQaxA==
{
	"id": 3176587750,
	"task_id": 6308733890,
	"content": "Need one bottle of milk",
	"posted": "2022-11-19T08:51:07.594748Z",
	"attachment": {
		"file_name": "File.pdf",
		"file_type": "application/pdf",
		"file_url": "https://s3.amazonaws.com/domorebetter/Todoist+Setup+Guide.pdf"
	}
}


14:21:08.349 [main] DEBUG com.intuit.karate - request:
10 > POST https://api.todoist.com/rest/v1/comments/3176587750
10 > Authorization:  Bearer d5e6004200dd0e7037eeb371cf23e6c9ec1c6d72
10 > Cookie: csrf=fcd16c8c71654727ba686e780ec14546
10 > Content-Type: application/json; charset=UTF-8
10 > Content-Length: 38
10 > Host: api.todoist.com
10 > Connection: Keep-Alive
10 > User-Agent: Apache-HttpClient/4.5.13 (Java/11.0.17)
10 > Accept-Encoding: gzip,deflate
{"content":"Need two bottles of milk"}

14:21:08.951 [main] DEBUG com.intuit.karate - response time in milliseconds: 602
10 < 204
10 < Content-Type: text/html; charset=utf-8
10 < Connection: keep-alive
10 < Date: Sat, 19 Nov 2022 08:51:08 GMT
10 < Access-Control-Allow-Credentials: false
10 < Access-Control-Allow-Origin: *
10 < Cache-Control: no-cache
10 < Referrer-Policy: strict-origin-when-cross-origin
10 < Strict-Transport-Security: max-age=31536000; includeSubDomains; preload
10 < Vary: Accept-Encoding
10 < Warning: 119 - "Deprecated API version. Will be removed on 2022-11-30"
10 < X-Cache: Miss from cloudfront
10 < Via: 1.1 24308854e88feb19b441efca32b2020c.cloudfront.net (CloudFront)
10 < X-Amz-Cf-Pop: BOM78-P5
10 < X-Amz-Cf-Id: WOq9D6uA53BhcvUczof040yJso4NfeqSBeFBdm3tLhaug6f2goPTGw==


14:21:09.294 [main] INFO  com.intuit.karate.Runner - using system property 'karate.options': --tags @tag1
14:21:09.499 [main] DEBUG com.intuit.karate.Suite - [config] classpath:karate-config.js
14:21:09.501 [main] INFO  com.intuit.karate.Suite - backed up existing 'target/karate-reports' dir to: target/karate-reports_1668847869500
